{"E:\\myWork\\js_data_structure_algorithm\\BinarySearchTree.js":{"path":"E:\\myWork\\js_data_structure_algorithm\\BinarySearchTree.js","s":{"1":5,"2":65,"3":65,"4":5,"5":60,"6":2,"7":9,"8":1,"9":8,"10":2,"11":6,"12":1,"13":5,"14":1,"15":1,"16":0,"17":0,"18":0,"19":0,"20":0,"21":0,"22":0,"23":0,"24":0,"25":0,"26":0,"27":0,"28":0,"29":0,"30":0,"31":0,"32":0,"33":0,"34":0,"35":0,"36":0,"37":0,"38":0,"39":0,"40":0,"41":0,"42":0,"43":0,"44":0,"45":0,"46":0,"47":0,"48":0,"49":31,"50":15,"51":15,"52":15,"53":31,"54":15,"55":15,"56":15,"57":142,"58":72,"59":31,"60":41,"61":70,"62":29,"63":41,"64":70,"65":1},"b":{"1":[5,60],"2":[1,8],"3":[2,6],"4":[1,5],"5":[0,0],"6":[0,0],"7":[0,0],"8":[0,0],"9":[0,0],"10":[0,0],"11":[0,0],"12":[0,0],"13":[0,0],"14":[0,0],"15":[0,0],"16":[15,16],"17":[15,16],"18":[72,70],"19":[31,41],"20":[29,41]},"f":{"1":5,"2":65,"3":2,"4":9,"5":1,"6":1,"7":0,"8":0,"9":0,"10":0,"11":0,"12":0,"13":0,"14":31,"15":31,"16":142,"17":70},"fnMap":{"1":{"name":"(anonymous_1)","line":3,"loc":{"start":{"line":3,"column":13},"end":{"line":3,"column":16}}},"2":{"name":"(anonymous_2)","line":7,"loc":{"start":{"line":7,"column":8},"end":{"line":7,"column":14}}},"3":{"name":"(anonymous_3)","line":17,"loc":{"start":{"line":17,"column":8},"end":{"line":17,"column":14}}},"4":{"name":"(anonymous_4)","line":21,"loc":{"start":{"line":21,"column":19},"end":{"line":21,"column":31}}},"5":{"name":"(anonymous_5)","line":34,"loc":{"start":{"line":34,"column":17},"end":{"line":34,"column":28}}},"6":{"name":"(anonymous_6)","line":38,"loc":{"start":{"line":38,"column":18},"end":{"line":38,"column":29}}},"7":{"name":"(anonymous_7)","line":42,"loc":{"start":{"line":42,"column":19},"end":{"line":42,"column":30}}},"8":{"name":"(anonymous_8)","line":46,"loc":{"start":{"line":46,"column":5},"end":{"line":46,"column":8}}},"9":{"name":"(anonymous_9)","line":50,"loc":{"start":{"line":50,"column":5},"end":{"line":50,"column":8}}},"10":{"name":"(anonymous_10)","line":54,"loc":{"start":{"line":54,"column":8},"end":{"line":54,"column":14}}},"11":{"name":"(anonymous_11)","line":58,"loc":{"start":{"line":58,"column":19},"end":{"line":58,"column":31}}},"12":{"name":"(anonymous_12)","line":98,"loc":{"start":{"line":98,"column":21},"end":{"line":98,"column":39}}},"13":{"name":"(anonymous_13)","line":108,"loc":{"start":{"line":108,"column":30},"end":{"line":108,"column":47}}},"14":{"name":"(anonymous_14)","line":116,"loc":{"start":{"line":116,"column":29},"end":{"line":116,"column":46}}},"15":{"name":"(anonymous_15)","line":124,"loc":{"start":{"line":124,"column":28},"end":{"line":124,"column":45}}},"16":{"name":"(anonymous_16)","line":132,"loc":{"start":{"line":132,"column":19},"end":{"line":132,"column":32}}},"17":{"name":"(anonymous_17)","line":148,"loc":{"start":{"line":148,"column":13},"end":{"line":148,"column":19}}}},"statementMap":{"1":{"start":{"line":4,"column":4},"end":{"line":4,"column":44}},"2":{"start":{"line":8,"column":4},"end":{"line":9,"column":40}},"3":{"start":{"line":10,"column":4},"end":{"line":14,"column":5}},"4":{"start":{"line":11,"column":6},"end":{"line":11,"column":21}},"5":{"start":{"line":13,"column":6},"end":{"line":13,"column":46}},"6":{"start":{"line":18,"column":4},"end":{"line":18,"column":55}},"7":{"start":{"line":22,"column":4},"end":{"line":24,"column":5}},"8":{"start":{"line":23,"column":6},"end":{"line":23,"column":19}},"9":{"start":{"line":25,"column":4},"end":{"line":31,"column":5}},"10":{"start":{"line":26,"column":6},"end":{"line":26,"column":57}},"11":{"start":{"line":27,"column":11},"end":{"line":31,"column":5}},"12":{"start":{"line":28,"column":6},"end":{"line":28,"column":18}},"13":{"start":{"line":30,"column":6},"end":{"line":30,"column":58}},"14":{"start":{"line":35,"column":4},"end":{"line":35,"column":62}},"15":{"start":{"line":39,"column":4},"end":{"line":39,"column":63}},"16":{"start":{"line":43,"column":4},"end":{"line":43,"column":64}},"17":{"start":{"line":47,"column":4},"end":{"line":47,"column":60}},"18":{"start":{"line":51,"column":4},"end":{"line":51,"column":61}},"19":{"start":{"line":55,"column":4},"end":{"line":55,"column":60}},"20":{"start":{"line":59,"column":4},"end":{"line":61,"column":5}},"21":{"start":{"line":60,"column":6},"end":{"line":60,"column":18}},"22":{"start":{"line":63,"column":4},"end":{"line":66,"column":5}},"23":{"start":{"line":64,"column":6},"end":{"line":64,"column":62}},"24":{"start":{"line":65,"column":6},"end":{"line":65,"column":18}},"25":{"start":{"line":68,"column":4},"end":{"line":71,"column":5}},"26":{"start":{"line":69,"column":6},"end":{"line":69,"column":64}},"27":{"start":{"line":70,"column":6},"end":{"line":70,"column":18}},"28":{"start":{"line":73,"column":4},"end":{"line":94,"column":5}},"29":{"start":{"line":76,"column":6},"end":{"line":78,"column":7}},"30":{"start":{"line":77,"column":8},"end":{"line":77,"column":19}},"31":{"start":{"line":81,"column":6},"end":{"line":84,"column":7}},"32":{"start":{"line":82,"column":8},"end":{"line":82,"column":26}},"33":{"start":{"line":83,"column":8},"end":{"line":83,"column":20}},"34":{"start":{"line":85,"column":6},"end":{"line":88,"column":7}},"35":{"start":{"line":86,"column":8},"end":{"line":86,"column":25}},"36":{"start":{"line":87,"column":8},"end":{"line":87,"column":20}},"37":{"start":{"line":90,"column":6},"end":{"line":90,"column":69}},"38":{"start":{"line":91,"column":6},"end":{"line":91,"column":24}},"39":{"start":{"line":92,"column":6},"end":{"line":92,"column":67}},"40":{"start":{"line":93,"column":6},"end":{"line":93,"column":18}},"41":{"start":{"line":99,"column":4},"end":{"line":105,"column":5}},"42":{"start":{"line":100,"column":6},"end":{"line":104,"column":7}},"43":{"start":{"line":101,"column":8},"end":{"line":101,"column":50}},"44":{"start":{"line":103,"column":8},"end":{"line":103,"column":24}},"45":{"start":{"line":109,"column":4},"end":{"line":113,"column":5}},"46":{"start":{"line":110,"column":6},"end":{"line":110,"column":66}},"47":{"start":{"line":111,"column":6},"end":{"line":111,"column":67}},"48":{"start":{"line":112,"column":6},"end":{"line":112,"column":25}},"49":{"start":{"line":117,"column":4},"end":{"line":121,"column":5}},"50":{"start":{"line":118,"column":6},"end":{"line":118,"column":25}},"51":{"start":{"line":119,"column":6},"end":{"line":119,"column":65}},"52":{"start":{"line":120,"column":6},"end":{"line":120,"column":66}},"53":{"start":{"line":125,"column":4},"end":{"line":129,"column":5}},"54":{"start":{"line":126,"column":6},"end":{"line":126,"column":64}},"55":{"start":{"line":127,"column":6},"end":{"line":127,"column":25}},"56":{"start":{"line":128,"column":6},"end":{"line":128,"column":65}},"57":{"start":{"line":133,"column":4},"end":{"line":145,"column":5}},"58":{"start":{"line":134,"column":6},"end":{"line":138,"column":7}},"59":{"start":{"line":135,"column":8},"end":{"line":135,"column":25}},"60":{"start":{"line":137,"column":8},"end":{"line":137,"column":53}},"61":{"start":{"line":140,"column":6},"end":{"line":144,"column":7}},"62":{"start":{"line":141,"column":8},"end":{"line":141,"column":26}},"63":{"start":{"line":143,"column":8},"end":{"line":143,"column":54}},"64":{"start":{"line":149,"column":4},"end":{"line":153,"column":6}},"65":{"start":{"line":157,"column":0},"end":{"line":157,"column":34}}},"branchMap":{"1":{"line":10,"type":"if","locations":[{"start":{"line":10,"column":4},"end":{"line":10,"column":4}},{"start":{"line":10,"column":4},"end":{"line":10,"column":4}}]},"2":{"line":22,"type":"if","locations":[{"start":{"line":22,"column":4},"end":{"line":22,"column":4}},{"start":{"line":22,"column":4},"end":{"line":22,"column":4}}]},"3":{"line":25,"type":"if","locations":[{"start":{"line":25,"column":4},"end":{"line":25,"column":4}},{"start":{"line":25,"column":4},"end":{"line":25,"column":4}}]},"4":{"line":27,"type":"if","locations":[{"start":{"line":27,"column":11},"end":{"line":27,"column":11}},{"start":{"line":27,"column":11},"end":{"line":27,"column":11}}]},"5":{"line":59,"type":"if","locations":[{"start":{"line":59,"column":4},"end":{"line":59,"column":4}},{"start":{"line":59,"column":4},"end":{"line":59,"column":4}}]},"6":{"line":63,"type":"if","locations":[{"start":{"line":63,"column":4},"end":{"line":63,"column":4}},{"start":{"line":63,"column":4},"end":{"line":63,"column":4}}]},"7":{"line":68,"type":"if","locations":[{"start":{"line":68,"column":4},"end":{"line":68,"column":4}},{"start":{"line":68,"column":4},"end":{"line":68,"column":4}}]},"8":{"line":73,"type":"if","locations":[{"start":{"line":73,"column":4},"end":{"line":73,"column":4}},{"start":{"line":73,"column":4},"end":{"line":73,"column":4}}]},"9":{"line":76,"type":"if","locations":[{"start":{"line":76,"column":6},"end":{"line":76,"column":6}},{"start":{"line":76,"column":6},"end":{"line":76,"column":6}}]},"10":{"line":76,"type":"binary-expr","locations":[{"start":{"line":76,"column":10},"end":{"line":76,"column":28}},{"start":{"line":76,"column":32},"end":{"line":76,"column":51}}]},"11":{"line":81,"type":"if","locations":[{"start":{"line":81,"column":6},"end":{"line":81,"column":6}},{"start":{"line":81,"column":6},"end":{"line":81,"column":6}}]},"12":{"line":85,"type":"if","locations":[{"start":{"line":85,"column":6},"end":{"line":85,"column":6}},{"start":{"line":85,"column":6},"end":{"line":85,"column":6}}]},"13":{"line":99,"type":"if","locations":[{"start":{"line":99,"column":4},"end":{"line":99,"column":4}},{"start":{"line":99,"column":4},"end":{"line":99,"column":4}}]},"14":{"line":100,"type":"if","locations":[{"start":{"line":100,"column":6},"end":{"line":100,"column":6}},{"start":{"line":100,"column":6},"end":{"line":100,"column":6}}]},"15":{"line":109,"type":"if","locations":[{"start":{"line":109,"column":4},"end":{"line":109,"column":4}},{"start":{"line":109,"column":4},"end":{"line":109,"column":4}}]},"16":{"line":117,"type":"if","locations":[{"start":{"line":117,"column":4},"end":{"line":117,"column":4}},{"start":{"line":117,"column":4},"end":{"line":117,"column":4}}]},"17":{"line":125,"type":"if","locations":[{"start":{"line":125,"column":4},"end":{"line":125,"column":4}},{"start":{"line":125,"column":4},"end":{"line":125,"column":4}}]},"18":{"line":133,"type":"if","locations":[{"start":{"line":133,"column":4},"end":{"line":133,"column":4}},{"start":{"line":133,"column":4},"end":{"line":133,"column":4}}]},"19":{"line":134,"type":"if","locations":[{"start":{"line":134,"column":6},"end":{"line":134,"column":6}},{"start":{"line":134,"column":6},"end":{"line":134,"column":6}}]},"20":{"line":140,"type":"if","locations":[{"start":{"line":140,"column":6},"end":{"line":140,"column":6}},{"start":{"line":140,"column":6},"end":{"line":140,"column":6}}]}}},"E:\\myWork\\js_data_structure_algorithm\\LinkedList.js":{"path":"E:\\myWork\\js_data_structure_algorithm\\LinkedList.js","s":{"1":1,"2":20,"3":20,"4":35,"5":35,"6":35,"7":13,"8":22,"9":22,"10":10,"11":22,"12":35,"13":1,"14":1,"15":1,"16":1,"17":1,"18":1,"19":1,"20":1,"21":2,"22":2,"23":1,"24":1,"25":1,"26":1,"27":1,"28":1,"29":1,"30":1,"31":3,"32":3,"33":1,"34":2,"35":3,"36":3,"37":3,"38":1,"39":1,"40":2,"41":2,"42":1,"43":1,"44":1,"45":1,"46":1,"47":1,"48":1,"49":1,"50":1,"51":2,"52":2,"53":2,"54":2,"55":3,"56":3,"57":2,"58":36,"59":36,"60":1},"b":{"1":[13,22],"2":[1,1],"3":[1,0],"4":[1,2],"5":[1,2],"6":[1,1]},"f":{"1":20,"2":35,"3":1,"4":2,"5":3,"6":2,"7":2,"8":2,"9":2,"10":36},"fnMap":{"1":{"name":"(anonymous_1)","line":5,"loc":{"start":{"line":5,"column":13},"end":{"line":5,"column":16}}},"2":{"name":"(anonymous_2)","line":10,"loc":{"start":{"line":10,"column":8},"end":{"line":10,"column":18}}},"3":{"name":"(anonymous_3)","line":25,"loc":{"start":{"line":25,"column":8},"end":{"line":25,"column":28}}},"4":{"name":"(anonymous_4)","line":40,"loc":{"start":{"line":40,"column":8},"end":{"line":40,"column":18}}},"5":{"name":"(anonymous_5)","line":60,"loc":{"start":{"line":60,"column":9},"end":{"line":60,"column":19}}},"6":{"name":"(anonymous_6)","line":79,"loc":{"start":{"line":79,"column":10},"end":{"line":79,"column":21}}},"7":{"name":"(anonymous_7)","line":98,"loc":{"start":{"line":98,"column":9},"end":{"line":98,"column":12}}},"8":{"name":"(anonymous_8)","line":102,"loc":{"start":{"line":102,"column":6},"end":{"line":102,"column":9}}},"9":{"name":"(anonymous_9)","line":106,"loc":{"start":{"line":106,"column":10},"end":{"line":106,"column":13}}},"10":{"name":"(anonymous_10)","line":117,"loc":{"start":{"line":117,"column":13},"end":{"line":117,"column":23}}}},"statementMap":{"1":{"start":{"line":2,"column":0},"end":{"line":2,"column":43}},"2":{"start":{"line":6,"column":4},"end":{"line":6,"column":21}},"3":{"start":{"line":7,"column":4},"end":{"line":7,"column":21}},"4":{"start":{"line":11,"column":4},"end":{"line":11,"column":40}},"5":{"start":{"line":12,"column":4},"end":{"line":12,"column":16}},"6":{"start":{"line":13,"column":4},"end":{"line":21,"column":5}},"7":{"start":{"line":14,"column":6},"end":{"line":14,"column":23}},"8":{"start":{"line":16,"column":6},"end":{"line":16,"column":26}},"9":{"start":{"line":17,"column":6},"end":{"line":19,"column":7}},"10":{"start":{"line":18,"column":8},"end":{"line":18,"column":31}},"11":{"start":{"line":20,"column":6},"end":{"line":20,"column":26}},"12":{"start":{"line":22,"column":4},"end":{"line":22,"column":19}},"13":{"start":{"line":26,"column":4},"end":{"line":29,"column":26}},"14":{"start":{"line":30,"column":4},"end":{"line":34,"column":5}},"15":{"start":{"line":31,"column":6},"end":{"line":31,"column":21}},"16":{"start":{"line":32,"column":6},"end":{"line":32,"column":29}},"17":{"start":{"line":33,"column":6},"end":{"line":33,"column":14}},"18":{"start":{"line":35,"column":4},"end":{"line":35,"column":21}},"19":{"start":{"line":36,"column":4},"end":{"line":36,"column":24}},"20":{"start":{"line":37,"column":4},"end":{"line":37,"column":19}},"21":{"start":{"line":41,"column":4},"end":{"line":42,"column":26}},"22":{"start":{"line":44,"column":4},"end":{"line":47,"column":5}},"23":{"start":{"line":45,"column":6},"end":{"line":45,"column":31}},"24":{"start":{"line":46,"column":6},"end":{"line":46,"column":13}},"25":{"start":{"line":49,"column":4},"end":{"line":57,"column":5}},"26":{"start":{"line":50,"column":6},"end":{"line":50,"column":21}},"27":{"start":{"line":51,"column":6},"end":{"line":51,"column":29}},"28":{"start":{"line":53,"column":6},"end":{"line":56,"column":7}},"29":{"start":{"line":54,"column":8},"end":{"line":54,"column":33}},"30":{"start":{"line":55,"column":8},"end":{"line":55,"column":15}},"31":{"start":{"line":61,"column":4},"end":{"line":62,"column":26}},"32":{"start":{"line":64,"column":4},"end":{"line":66,"column":5}},"33":{"start":{"line":65,"column":6},"end":{"line":65,"column":19}},"34":{"start":{"line":68,"column":4},"end":{"line":74,"column":5}},"35":{"start":{"line":69,"column":6},"end":{"line":69,"column":29}},"36":{"start":{"line":70,"column":6},"end":{"line":70,"column":14}},"37":{"start":{"line":71,"column":6},"end":{"line":73,"column":7}},"38":{"start":{"line":72,"column":8},"end":{"line":72,"column":21}},"39":{"start":{"line":76,"column":4},"end":{"line":76,"column":14}},"40":{"start":{"line":80,"column":4},"end":{"line":82,"column":26}},"41":{"start":{"line":83,"column":4},"end":{"line":87,"column":5}},"42":{"start":{"line":84,"column":6},"end":{"line":84,"column":31}},"43":{"start":{"line":85,"column":6},"end":{"line":85,"column":21}},"44":{"start":{"line":86,"column":6},"end":{"line":86,"column":13}},"45":{"start":{"line":89,"column":4},"end":{"line":93,"column":5}},"46":{"start":{"line":90,"column":6},"end":{"line":90,"column":21}},"47":{"start":{"line":91,"column":6},"end":{"line":91,"column":29}},"48":{"start":{"line":92,"column":6},"end":{"line":92,"column":14}},"49":{"start":{"line":94,"column":4},"end":{"line":94,"column":29}},"50":{"start":{"line":95,"column":4},"end":{"line":95,"column":19}},"51":{"start":{"line":99,"column":4},"end":{"line":99,"column":30}},"52":{"start":{"line":103,"column":4},"end":{"line":103,"column":24}},"53":{"start":{"line":107,"column":4},"end":{"line":108,"column":18}},"54":{"start":{"line":110,"column":4},"end":{"line":113,"column":5}},"55":{"start":{"line":111,"column":6},"end":{"line":111,"column":32}},"56":{"start":{"line":112,"column":6},"end":{"line":112,"column":29}},"57":{"start":{"line":114,"column":4},"end":{"line":114,"column":18}},"58":{"start":{"line":118,"column":4},"end":{"line":118,"column":20}},"59":{"start":{"line":119,"column":4},"end":{"line":122,"column":6}},"60":{"start":{"line":126,"column":0},"end":{"line":126,"column":28}}},"branchMap":{"1":{"line":13,"type":"if","locations":[{"start":{"line":13,"column":4},"end":{"line":13,"column":4}},{"start":{"line":13,"column":4},"end":{"line":13,"column":4}}]},"2":{"line":44,"type":"if","locations":[{"start":{"line":44,"column":4},"end":{"line":44,"column":4}},{"start":{"line":44,"column":4},"end":{"line":44,"column":4}}]},"3":{"line":53,"type":"if","locations":[{"start":{"line":53,"column":6},"end":{"line":53,"column":6}},{"start":{"line":53,"column":6},"end":{"line":53,"column":6}}]},"4":{"line":64,"type":"if","locations":[{"start":{"line":64,"column":4},"end":{"line":64,"column":4}},{"start":{"line":64,"column":4},"end":{"line":64,"column":4}}]},"5":{"line":71,"type":"if","locations":[{"start":{"line":71,"column":6},"end":{"line":71,"column":6}},{"start":{"line":71,"column":6},"end":{"line":71,"column":6}}]},"6":{"line":83,"type":"if","locations":[{"start":{"line":83,"column":4},"end":{"line":83,"column":4}},{"start":{"line":83,"column":4},"end":{"line":83,"column":4}}]}}},"E:\\myWork\\js_data_structure_algorithm\\Queue.js":{"path":"E:\\myWork\\js_data_structure_algorithm\\Queue.js","s":{"1":1,"2":15,"3":2,"4":2,"5":2,"6":2,"7":1,"8":7,"9":1},"b":{},"f":{"1":15,"2":2,"3":2,"4":2,"5":2,"6":1,"7":7},"fnMap":{"1":{"name":"(anonymous_1)","line":4,"loc":{"start":{"line":4,"column":13},"end":{"line":4,"column":22}}},"2":{"name":"(anonymous_2)","line":7,"loc":{"start":{"line":7,"column":9},"end":{"line":7,"column":18}}},"3":{"name":"(anonymous_3)","line":10,"loc":{"start":{"line":10,"column":9},"end":{"line":10,"column":11}}},"4":{"name":"(anonymous_4)","line":13,"loc":{"start":{"line":13,"column":7},"end":{"line":13,"column":9}}},"5":{"name":"(anonymous_5)","line":16,"loc":{"start":{"line":16,"column":9},"end":{"line":16,"column":11}}},"6":{"name":"(anonymous_6)","line":19,"loc":{"start":{"line":19,"column":6},"end":{"line":19,"column":8}}},"7":{"name":"(anonymous_7)","line":22,"loc":{"start":{"line":22,"column":5},"end":{"line":22,"column":7}}}},"statementMap":{"1":{"start":{"line":1,"column":0},"end":{"line":1,"column":36}},"2":{"start":{"line":5,"column":4},"end":{"line":5,"column":21}},"3":{"start":{"line":8,"column":4},"end":{"line":8,"column":28}},"4":{"start":{"line":11,"column":4},"end":{"line":11,"column":29}},"5":{"start":{"line":14,"column":4},"end":{"line":14,"column":24}},"6":{"start":{"line":17,"column":4},"end":{"line":17,"column":34}},"7":{"start":{"line":20,"column":4},"end":{"line":20,"column":28}},"8":{"start":{"line":23,"column":4},"end":{"line":23,"column":26}},"9":{"start":{"line":26,"column":0},"end":{"line":26,"column":23}}},"branchMap":{}},"E:\\myWork\\js_data_structure_algorithm\\Stack.js":{"path":"E:\\myWork\\js_data_structure_algorithm\\Stack.js","s":{"1":1,"2":15,"3":2,"4":2,"5":2,"6":2,"7":1,"8":1,"9":7,"10":1},"b":{},"f":{"1":15,"2":2,"3":2,"4":2,"5":2,"6":1,"7":1,"8":7},"fnMap":{"1":{"name":"(anonymous_1)","line":3,"loc":{"start":{"line":3,"column":13},"end":{"line":3,"column":22}}},"2":{"name":"(anonymous_2)","line":6,"loc":{"start":{"line":6,"column":6},"end":{"line":6,"column":15}}},"3":{"name":"(anonymous_3)","line":9,"loc":{"start":{"line":9,"column":5},"end":{"line":9,"column":7}}},"4":{"name":"(anonymous_4)","line":12,"loc":{"start":{"line":12,"column":6},"end":{"line":12,"column":8}}},"5":{"name":"(anonymous_5)","line":15,"loc":{"start":{"line":15,"column":9},"end":{"line":15,"column":11}}},"6":{"name":"(anonymous_6)","line":18,"loc":{"start":{"line":18,"column":7},"end":{"line":18,"column":9}}},"7":{"name":"(anonymous_7)","line":21,"loc":{"start":{"line":21,"column":6},"end":{"line":21,"column":8}}},"8":{"name":"(anonymous_8)","line":24,"loc":{"start":{"line":24,"column":5},"end":{"line":24,"column":7}}}},"statementMap":{"1":{"start":{"line":1,"column":0},"end":{"line":1,"column":36}},"2":{"start":{"line":4,"column":4},"end":{"line":4,"column":21}},"3":{"start":{"line":7,"column":4},"end":{"line":7,"column":28}},"4":{"start":{"line":10,"column":4},"end":{"line":10,"column":27}},"5":{"start":{"line":13,"column":4},"end":{"line":13,"column":43}},"6":{"start":{"line":16,"column":4},"end":{"line":16,"column":34}},"7":{"start":{"line":19,"column":4},"end":{"line":19,"column":19}},"8":{"start":{"line":22,"column":4},"end":{"line":22,"column":28}},"9":{"start":{"line":25,"column":4},"end":{"line":25,"column":26}},"10":{"start":{"line":33,"column":0},"end":{"line":33,"column":23}}},"branchMap":{}}}