TN:
SF:E:\myWork\js_data_structure_algorithm\BinarySearchTree.js
FN:3,(anonymous_1)
FN:7,(anonymous_2)
FN:17,(anonymous_3)
FN:21,(anonymous_4)
FN:34,(anonymous_5)
FN:38,(anonymous_6)
FN:42,(anonymous_7)
FN:46,(anonymous_8)
FN:50,(anonymous_9)
FN:54,(anonymous_10)
FN:58,(anonymous_11)
FN:98,(anonymous_12)
FN:108,(anonymous_13)
FN:116,(anonymous_14)
FN:124,(anonymous_15)
FN:132,(anonymous_16)
FN:148,(anonymous_17)
FNF:17
FNH:10
FNDA:5,(anonymous_1)
FNDA:65,(anonymous_2)
FNDA:2,(anonymous_3)
FNDA:9,(anonymous_4)
FNDA:1,(anonymous_5)
FNDA:1,(anonymous_6)
FNDA:0,(anonymous_7)
FNDA:0,(anonymous_8)
FNDA:0,(anonymous_9)
FNDA:0,(anonymous_10)
FNDA:0,(anonymous_11)
FNDA:0,(anonymous_12)
FNDA:0,(anonymous_13)
FNDA:31,(anonymous_14)
FNDA:31,(anonymous_15)
FNDA:142,(anonymous_16)
FNDA:70,(anonymous_17)
DA:4,5
DA:8,65
DA:10,65
DA:11,5
DA:13,60
DA:18,2
DA:22,9
DA:23,1
DA:25,8
DA:26,2
DA:27,6
DA:28,1
DA:30,5
DA:35,1
DA:39,1
DA:43,0
DA:47,0
DA:51,0
DA:55,0
DA:59,0
DA:60,0
DA:63,0
DA:64,0
DA:65,0
DA:68,0
DA:69,0
DA:70,0
DA:73,0
DA:76,0
DA:77,0
DA:81,0
DA:82,0
DA:83,0
DA:85,0
DA:86,0
DA:87,0
DA:90,0
DA:91,0
DA:92,0
DA:93,0
DA:99,0
DA:100,0
DA:101,0
DA:103,0
DA:109,0
DA:110,0
DA:111,0
DA:112,0
DA:117,31
DA:118,15
DA:119,15
DA:120,15
DA:125,31
DA:126,15
DA:127,15
DA:128,15
DA:133,142
DA:134,72
DA:135,31
DA:137,41
DA:140,70
DA:141,29
DA:143,41
DA:149,70
DA:157,1
LF:65
LH:32
BRDA:10,1,0,5
BRDA:10,1,1,60
BRDA:22,2,0,1
BRDA:22,2,1,8
BRDA:25,3,0,2
BRDA:25,3,1,6
BRDA:27,4,0,1
BRDA:27,4,1,5
BRDA:59,5,0,0
BRDA:59,5,1,0
BRDA:63,6,0,0
BRDA:63,6,1,0
BRDA:68,7,0,0
BRDA:68,7,1,0
BRDA:73,8,0,0
BRDA:73,8,1,0
BRDA:76,9,0,0
BRDA:76,9,1,0
BRDA:76,10,0,0
BRDA:76,10,1,0
BRDA:81,11,0,0
BRDA:81,11,1,0
BRDA:85,12,0,0
BRDA:85,12,1,0
BRDA:99,13,0,0
BRDA:99,13,1,0
BRDA:100,14,0,0
BRDA:100,14,1,0
BRDA:109,15,0,0
BRDA:109,15,1,0
BRDA:117,16,0,15
BRDA:117,16,1,16
BRDA:125,17,0,15
BRDA:125,17,1,16
BRDA:133,18,0,72
BRDA:133,18,1,70
BRDA:134,19,0,31
BRDA:134,19,1,41
BRDA:140,20,0,29
BRDA:140,20,1,41
BRF:40
BRH:18
end_of_record
TN:
SF:E:\myWork\js_data_structure_algorithm\LinkedList.js
FN:5,(anonymous_1)
FN:10,(anonymous_2)
FN:25,(anonymous_3)
FN:40,(anonymous_4)
FN:60,(anonymous_5)
FN:79,(anonymous_6)
FN:98,(anonymous_7)
FN:102,(anonymous_8)
FN:106,(anonymous_9)
FN:117,(anonymous_10)
FNF:10
FNH:10
FNDA:20,(anonymous_1)
FNDA:35,(anonymous_2)
FNDA:1,(anonymous_3)
FNDA:2,(anonymous_4)
FNDA:3,(anonymous_5)
FNDA:2,(anonymous_6)
FNDA:2,(anonymous_7)
FNDA:2,(anonymous_8)
FNDA:2,(anonymous_9)
FNDA:36,(anonymous_10)
DA:2,1
DA:6,20
DA:7,20
DA:11,35
DA:12,35
DA:13,35
DA:14,13
DA:16,22
DA:17,22
DA:18,10
DA:20,22
DA:22,35
DA:26,1
DA:30,1
DA:31,1
DA:32,1
DA:33,1
DA:35,1
DA:36,1
DA:37,1
DA:41,2
DA:44,2
DA:45,1
DA:46,1
DA:49,1
DA:50,1
DA:51,1
DA:53,1
DA:54,1
DA:55,1
DA:61,3
DA:64,3
DA:65,1
DA:68,2
DA:69,3
DA:70,3
DA:71,3
DA:72,1
DA:76,1
DA:80,2
DA:83,2
DA:84,1
DA:85,1
DA:86,1
DA:89,1
DA:90,1
DA:91,1
DA:92,1
DA:94,1
DA:95,1
DA:99,2
DA:103,2
DA:107,2
DA:110,2
DA:111,3
DA:112,3
DA:114,2
DA:118,36
DA:119,36
DA:126,1
LF:60
LH:60
BRDA:13,1,0,13
BRDA:13,1,1,22
BRDA:44,2,0,1
BRDA:44,2,1,1
BRDA:53,3,0,1
BRDA:53,3,1,0
BRDA:64,4,0,1
BRDA:64,4,1,2
BRDA:71,5,0,1
BRDA:71,5,1,2
BRDA:83,6,0,1
BRDA:83,6,1,1
BRF:12
BRH:11
end_of_record
TN:
SF:E:\myWork\js_data_structure_algorithm\Queue.js
FN:4,(anonymous_1)
FN:7,(anonymous_2)
FN:10,(anonymous_3)
FN:13,(anonymous_4)
FN:16,(anonymous_5)
FN:19,(anonymous_6)
FN:22,(anonymous_7)
FNF:7
FNH:7
FNDA:15,(anonymous_1)
FNDA:2,(anonymous_2)
FNDA:2,(anonymous_3)
FNDA:2,(anonymous_4)
FNDA:2,(anonymous_5)
FNDA:1,(anonymous_6)
FNDA:7,(anonymous_7)
DA:1,1
DA:5,15
DA:8,2
DA:11,2
DA:14,2
DA:17,2
DA:20,1
DA:23,7
DA:26,1
LF:9
LH:9
BRF:0
BRH:0
end_of_record
TN:
SF:E:\myWork\js_data_structure_algorithm\Stack.js
FN:3,(anonymous_1)
FN:6,(anonymous_2)
FN:9,(anonymous_3)
FN:12,(anonymous_4)
FN:15,(anonymous_5)
FN:18,(anonymous_6)
FN:21,(anonymous_7)
FN:24,(anonymous_8)
FNF:8
FNH:8
FNDA:15,(anonymous_1)
FNDA:2,(anonymous_2)
FNDA:2,(anonymous_3)
FNDA:2,(anonymous_4)
FNDA:2,(anonymous_5)
FNDA:1,(anonymous_6)
FNDA:1,(anonymous_7)
FNDA:7,(anonymous_8)
DA:1,1
DA:4,15
DA:7,2
DA:10,2
DA:13,2
DA:16,2
DA:19,1
DA:22,1
DA:25,7
DA:33,1
LF:10
LH:10
BRF:0
BRH:0
end_of_record
