TN:
SF:E:\myWork\js_data_structure_algorithm\BinarySearchTree.js
FN:3,(anonymous_1)
FN:7,(anonymous_2)
FN:17,(anonymous_3)
FN:21,(anonymous_4)
FN:34,(anonymous_5)
FN:38,(anonymous_6)
FN:42,(anonymous_7)
FN:46,(anonymous_8)
FN:50,(anonymous_9)
FN:54,(anonymous_10)
FN:58,(anonymous_11)
FN:99,(anonymous_12)
FN:109,(anonymous_13)
FN:117,(anonymous_14)
FN:125,(anonymous_15)
FN:133,(anonymous_16)
FN:149,(anonymous_17)
FNF:17
FNH:17
FNDA:11,(anonymous_1)
FNDA:125,(anonymous_2)
FNDA:2,(anonymous_3)
FNDA:9,(anonymous_4)
FNDA:1,(anonymous_5)
FNDA:5,(anonymous_6)
FNDA:1,(anonymous_7)
FNDA:2,(anonymous_8)
FNDA:2,(anonymous_9)
FNDA:5,(anonymous_10)
FNDA:18,(anonymous_11)
FNDA:12,(anonymous_12)
FNDA:31,(anonymous_13)
FNDA:133,(anonymous_14)
FNDA:31,(anonymous_15)
FNDA:278,(anonymous_16)
FNDA:136,(anonymous_17)
DA:4,11
DA:8,125
DA:10,125
DA:11,9
DA:13,116
DA:18,2
DA:22,9
DA:23,1
DA:25,8
DA:26,2
DA:27,6
DA:28,1
DA:30,5
DA:35,1
DA:39,5
DA:43,1
DA:47,2
DA:51,2
DA:55,5
DA:63,18
DA:64,8
DA:65,8
DA:68,10
DA:69,4
DA:70,4
DA:73,6
DA:76,6
DA:77,3
DA:78,3
DA:82,3
DA:83,1
DA:84,1
DA:86,2
DA:87,1
DA:88,1
DA:91,1
DA:92,1
DA:93,1
DA:94,1
DA:100,12
DA:101,12
DA:102,7
DA:104,5
DA:110,31
DA:111,15
DA:112,15
DA:113,15
DA:118,133
DA:119,64
DA:120,64
DA:121,64
DA:126,31
DA:127,15
DA:128,15
DA:129,15
DA:134,278
DA:135,140
DA:136,59
DA:138,81
DA:141,138
DA:142,57
DA:144,81
DA:150,136
DA:158,1
LF:64
LH:64
BRDA:10,1,0,9
BRDA:10,1,1,116
BRDA:22,2,0,1
BRDA:22,2,1,8
BRDA:25,3,0,2
BRDA:25,3,1,6
BRDA:27,4,0,1
BRDA:27,4,1,5
BRDA:63,5,0,8
BRDA:63,5,1,10
BRDA:68,6,0,4
BRDA:68,6,1,6
BRDA:73,7,0,6
BRDA:73,7,1,0
BRDA:76,8,0,3
BRDA:76,8,1,3
BRDA:76,9,0,6
BRDA:76,9,1,4
BRDA:82,10,0,1
BRDA:82,10,1,2
BRDA:86,11,0,1
BRDA:86,11,1,1
BRDA:100,12,0,12
BRDA:100,12,1,0
BRDA:101,13,0,7
BRDA:101,13,1,5
BRDA:110,14,0,15
BRDA:110,14,1,16
BRDA:118,15,0,64
BRDA:118,15,1,69
BRDA:126,16,0,15
BRDA:126,16,1,16
BRDA:134,17,0,140
BRDA:134,17,1,138
BRDA:135,18,0,59
BRDA:135,18,1,81
BRDA:141,19,0,57
BRDA:141,19,1,81
BRF:38
BRH:36
end_of_record
TN:
SF:E:\myWork\js_data_structure_algorithm\LinkedList.js
FN:5,(anonymous_1)
FN:10,(anonymous_2)
FN:25,(anonymous_3)
FN:40,(anonymous_4)
FN:60,(anonymous_5)
FN:79,(anonymous_6)
FN:98,(anonymous_7)
FN:102,(anonymous_8)
FN:106,(anonymous_9)
FN:117,(anonymous_10)
FNF:10
FNH:10
FNDA:20,(anonymous_1)
FNDA:35,(anonymous_2)
FNDA:1,(anonymous_3)
FNDA:2,(anonymous_4)
FNDA:3,(anonymous_5)
FNDA:2,(anonymous_6)
FNDA:2,(anonymous_7)
FNDA:2,(anonymous_8)
FNDA:2,(anonymous_9)
FNDA:36,(anonymous_10)
DA:2,1
DA:6,20
DA:7,20
DA:11,35
DA:12,35
DA:13,35
DA:14,13
DA:16,22
DA:17,22
DA:18,10
DA:20,22
DA:22,35
DA:26,1
DA:30,1
DA:31,1
DA:32,1
DA:33,1
DA:35,1
DA:36,1
DA:37,1
DA:41,2
DA:44,2
DA:45,1
DA:46,1
DA:49,1
DA:50,1
DA:51,1
DA:53,1
DA:54,1
DA:55,1
DA:61,3
DA:64,3
DA:65,1
DA:68,2
DA:69,3
DA:70,3
DA:71,3
DA:72,1
DA:76,1
DA:80,2
DA:83,2
DA:84,1
DA:85,1
DA:86,1
DA:89,1
DA:90,1
DA:91,1
DA:92,1
DA:94,1
DA:95,1
DA:99,2
DA:103,2
DA:107,2
DA:110,2
DA:111,3
DA:112,3
DA:114,2
DA:118,36
DA:119,36
DA:126,1
LF:60
LH:60
BRDA:13,1,0,13
BRDA:13,1,1,22
BRDA:44,2,0,1
BRDA:44,2,1,1
BRDA:53,3,0,1
BRDA:53,3,1,0
BRDA:64,4,0,1
BRDA:64,4,1,2
BRDA:71,5,0,1
BRDA:71,5,1,2
BRDA:83,6,0,1
BRDA:83,6,1,1
BRF:12
BRH:11
end_of_record
TN:
SF:E:\myWork\js_data_structure_algorithm\Queue.js
FN:4,(anonymous_1)
FN:7,(anonymous_2)
FN:10,(anonymous_3)
FN:13,(anonymous_4)
FN:16,(anonymous_5)
FN:19,(anonymous_6)
FN:22,(anonymous_7)
FNF:7
FNH:7
FNDA:15,(anonymous_1)
FNDA:2,(anonymous_2)
FNDA:2,(anonymous_3)
FNDA:2,(anonymous_4)
FNDA:2,(anonymous_5)
FNDA:1,(anonymous_6)
FNDA:7,(anonymous_7)
DA:1,1
DA:5,15
DA:8,2
DA:11,2
DA:14,2
DA:17,2
DA:20,1
DA:23,7
DA:26,1
LF:9
LH:9
BRF:0
BRH:0
end_of_record
TN:
SF:E:\myWork\js_data_structure_algorithm\Stack.js
FN:3,(anonymous_1)
FN:6,(anonymous_2)
FN:9,(anonymous_3)
FN:12,(anonymous_4)
FN:15,(anonymous_5)
FN:18,(anonymous_6)
FN:21,(anonymous_7)
FN:24,(anonymous_8)
FNF:8
FNH:8
FNDA:15,(anonymous_1)
FNDA:2,(anonymous_2)
FNDA:2,(anonymous_3)
FNDA:2,(anonymous_4)
FNDA:2,(anonymous_5)
FNDA:1,(anonymous_6)
FNDA:1,(anonymous_7)
FNDA:7,(anonymous_8)
DA:1,1
DA:4,15
DA:7,2
DA:10,2
DA:13,2
DA:16,2
DA:19,1
DA:22,1
DA:25,7
DA:33,1
LF:10
LH:10
BRF:0
BRH:0
end_of_record
